<?xml version="1.0" encoding="UTF-8"?>
<!-- Generated by org.testng.reporters.JUnitXMLReporter -->
<testsuite ignored="0" hostname="DESKTOP-T32HKPS" failures="1" tests="1" name="Test" time="26.965" errors="0" timestamp="2024-07-02T22:12:09 IST">
  <testcase classname="DemoHome.HomePageTest" name="myAccountLinkTest" time="7.448">
    <failure type="java.lang.AssertionError" message="expected [Dental(1 partner)] but found [Dental(4 partners)]">
      <![CDATA[java.lang.AssertionError: expected [Dental(1 partner)] but found [Dental(4 partners)]
at com.savein.leadXPageObjects.HomePage.myAccount(HomePage.java:45)
at DemoHome.HomePageTest.myAccountLinkTest(HomePageTest.java:29)
at java.base/java.util.ArrayList.forEach(ArrayList.java:1596)
... Removed 31 stack frames]]>
    </failure>
  </testcase> <!-- myAccountLinkTest -->
</testsuite> <!-- Test -->
